<?xml version="1.0" encoding="UTF-8"?>
<!-- Generated by org.testng.reporters.JUnitReportReporter -->
<testsuite skipped="0" hostname="SamFox" name="com.team5solution.DTOs.AbstractDTOTest" tests="5" failures="0" timestamp="2019-11-06T15:51:10 ICT" time="0.009" errors="0">
  <testcase name="testGetByName" time="0.000" classname="com.team5solution.DTOs.AbstractDTOTest"/>
  <testcase name="testEdit" time="0.000" classname="com.team5solution.DTOs.AbstractDTOTest"/>
  <testcase name="testCreate" time="0.009" classname="com.team5solution.DTOs.AbstractDTOTest"/>
  <testcase name="testList" time="0.000" classname="com.team5solution.DTOs.AbstractDTOTest"/>
  <testcase name="testDelete" time="0.000" classname="com.team5solution.DTOs.AbstractDTOTest"/>
</testsuite> <!-- com.team5solution.DTOs.AbstractDTOTest -->
